============================= test session starts ==============================
platform linux -- Python 3.13.5, pytest-8.4.2, pluggy-1.5.0 -- /home/zesky/miniconda/bin/python
cachedir: .pytest_cache
metadata: {'Python': '3.13.5', 'Platform': 'Linux-6.6.87.2-microsoft-standard-WSL2-x86_64-with-glibc2.39', 'Packages': {'pytest': '8.4.2', 'pluggy': '1.5.0'}, 'Plugins': {'asyncio': '1.2.0', 'mock': '3.15.1', 'langsmith': '0.3.45', 'anyio': '4.11.0', 'cov': '7.0.0', 'metadata': '3.1.1', 'html': '4.1.1', 'hydra-core': '1.3.2'}}
rootdir: /mnt/d/progress/TALOS_Studio
configfile: pytest.ini
plugins: asyncio-1.2.0, mock-3.15.1, langsmith-0.3.45, anyio-4.11.0, cov-7.0.0, metadata-3.1.1, html-4.1.1, hydra-core-1.3.2
asyncio: mode=Mode.STRICT, debug=False, asyncio_default_fixture_loop_scope=None, asyncio_default_test_loop_scope=function
collecting ... collected 35 items

manga_to_3d_poc/test_pipeline.py::test_load_image_success PASSED         [  2%]
manga_to_3d_poc/test_pipeline.py::test_load_image_not_found PASSED       [  5%]
test_visualizations.py::test_panel_original PASSED                       [  8%]
test_visualizations.py::test_panel_manga_lines PASSED                    [ 11%]
test_visualizations.py::test_panel_inverted_lines PASSED                 [ 14%]
test_visualizations.py::test_panel_sold2 SKIPPED (Skipping SOLD2 tes...) [ 17%]
test_visualizations.py::test_panel_canny PASSED                          [ 20%]
test_visualizations.py::test_panel_dsine PASSED                          [ 22%]
test_visualizations.py::test_generate_visualizations_for_single_model PASSED [ 25%]
tests/acceptance/test_poc_pipeline_acceptance.py::test_poc_pipeline_acceptance FAILED [ 28%]
tests/integration/test_step1_to_step2.py::test_step1_to_step2_integration PASSED [ 31%]
tests/unit/test_device_manager.py::TestDeviceManager::test_initialization PASSED [ 34%]
tests/unit/test_device_manager.py::TestDeviceManager::test_available_devices_structure PASSED [ 37%]
tests/unit/test_device_manager.py::TestDeviceManager::test_default_device_is_string PASSED [ 40%]
tests/unit/test_device_manager.py::TestDeviceManager::test_get_device_without_specification PASSED [ 42%]
tests/unit/test_device_manager.py::TestDeviceManager::test_get_device_cpu PASSED [ 45%]
tests/unit/test_device_manager.py::TestDeviceManager::test_get_device_invalid_spec PASSED [ 48%]
tests/unit/test_device_manager.py::TestDeviceManager::test_get_device_info PASSED [ 51%]
tests/unit/test_device_manager.py::TestDeviceManager::test_cuda_fallback_on_unavailable PASSED [ 54%]
tests/unit/test_error_handler.py::TestPipelineError::test_creation_with_message_only PASSED [ 57%]
tests/unit/test_error_handler.py::TestPipelineError::test_creation_with_details PASSED [ 60%]
tests/unit/test_error_handler.py::TestPipelineError::test_custom_exit_code PASSED [ 62%]
tests/unit/test_error_handler.py::TestValidationError::test_validation_error_exit_code PASSED [ 65%]
tests/unit/test_error_handler.py::TestFileNotFoundError::test_file_not_found_error PASSED [ 68%]
tests/unit/test_error_handler.py::TestSubprocessError::test_subprocess_error_format PASSED [ 71%]
tests/unit/test_error_handler.py::TestConfigurationError::test_configuration_error_format PASSED [ 74%]
tests/unit/test_error_handler.py::TestDeviceError::test_device_error_exit_code PASSED [ 77%]
tests/unit/test_example.py::test_example_unit PASSED                     [ 80%]
tests/unit/test_pipeline_executor.py::TestPipelineExecutor::test_initialization_with_missing_config PASSED [ 82%]
tests/unit/test_pipeline_executor.py::TestPipelineExecutor::test_initialization_with_valid_config PASSED [ 85%]
tests/unit/test_pipeline_executor.py::TestPipelineExecutor::test_validate_inputs_success PASSED [ 88%]
tests/unit/test_pipeline_executor.py::TestPipelineExecutor::test_validate_inputs_missing_file PASSED [ 91%]
tests/unit/test_pipeline_executor.py::TestPipelineExecutor::test_validate_inputs_invalid_type PASSED [ 94%]
tests/unit/test_pipeline_executor.py::TestPipelineExecutor::test_ensure_directory PASSED [ 97%]
tests/unit/test_pipeline_executor.py::TestPipelineExecutor::test_configuration_loading_with_invalid_yaml PASSED [100%]

=================================== FAILURES ===================================
/mnt/d/progress/TALOS_Studio/tests/acceptance/test_poc_pipeline_acceptance.py:36: AssertionError: Pipeline failed with error: /home/zesky/miniconda/lib/python3.13/site-packages/torch/cuda/__init__.py:61: FutureWarning: The pynvml package is deprecated. Please install nvidia-ml-py instead. If you did not install pynvml directly, please report this to the maintainers of the package that installed pynvml for you.
=============================== warnings summary ===============================
../../../../home/zesky/miniconda/lib/python3.13/site-packages/torch/cuda/__init__.py:61
  /home/zesky/miniconda/lib/python3.13/site-packages/torch/cuda/__init__.py:61: FutureWarning: The pynvml package is deprecated. Please install nvidia-ml-py instead. If you did not install pynvml directly, please report this to the maintainers of the package that installed pynvml for you.
    import pynvml  # type: ignore[import]

-- Docs: https://docs.pytest.org/en/stable/how-to/capture-warnings.html
=========================== short test summary info ============================
FAILED tests/acceptance/test_poc_pipeline_acceptance.py::test_poc_pipeline_acceptance
======== 1 failed, 33 passed, 1 skipped, 1 warning in 61.31s (0:01:01) =========
